{"/Users/benjaminhurst/codefellows/401/lab-ben/02-tools-and-context/lib/list.js": {"path":"/Users/benjaminhurst/codefellows/401/lab-ben/02-tools-and-context/lib/list.js","statementMap":{"0":{"start":{"line":5,"column":4},"end":{"line":5,"column":20}},"1":{"start":{"line":9,"column":4},"end":{"line":9,"column":31}},"2":{"start":{"line":13,"column":15},"end":{"line":13,"column":36}},"3":{"start":{"line":14,"column":4},"end":{"line":14,"column":33}},"4":{"start":{"line":15,"column":4},"end":{"line":15,"column":18}},"5":{"start":{"line":16,"column":4},"end":{"line":16,"column":16}},"6":{"start":{"line":20,"column":15},"end":{"line":20,"column":22}},"7":{"start":{"line":21,"column":4},"end":{"line":23,"column":5}},"8":{"start":{"line":22,"column":6},"end":{"line":22,"column":28}},"9":{"start":{"line":24,"column":4},"end":{"line":24,"column":33}},"10":{"start":{"line":25,"column":4},"end":{"line":25,"column":18}},"11":{"start":{"line":26,"column":4},"end":{"line":26,"column":16}},"12":{"start":{"line":30,"column":4},"end":{"line":32,"column":5}},"13":{"start":{"line":31,"column":6},"end":{"line":31,"column":38}},"14":{"start":{"line":33,"column":4},"end":{"line":35,"column":5}},"15":{"start":{"line":34,"column":6},"end":{"line":34,"column":24}},"16":{"start":{"line":36,"column":4},"end":{"line":36,"column":44}},"17":{"start":{"line":37,"column":4},"end":{"line":37,"column":23}},"18":{"start":{"line":41,"column":4},"end":{"line":43,"column":5}},"19":{"start":{"line":42,"column":6},"end":{"line":42,"column":43}},"20":{"start":{"line":44,"column":4},"end":{"line":46,"column":5}},"21":{"start":{"line":45,"column":6},"end":{"line":45,"column":27}},"22":{"start":{"line":50,"column":4},"end":{"line":52,"column":5}},"23":{"start":{"line":51,"column":6},"end":{"line":51,"column":23}},"24":{"start":{"line":53,"column":17},"end":{"line":53,"column":27}},"25":{"start":{"line":54,"column":4},"end":{"line":56,"column":5}},"26":{"start":{"line":55,"column":6},"end":{"line":55,"column":40}},"27":{"start":{"line":57,"column":4},"end":{"line":57,"column":18}},"28":{"start":{"line":61,"column":4},"end":{"line":63,"column":5}},"29":{"start":{"line":62,"column":6},"end":{"line":62,"column":23}},"30":{"start":{"line":64,"column":17},"end":{"line":64,"column":27}},"31":{"start":{"line":65,"column":4},"end":{"line":69,"column":5}},"32":{"start":{"line":66,"column":6},"end":{"line":68,"column":7}},"33":{"start":{"line":67,"column":8},"end":{"line":67,"column":32}},"34":{"start":{"line":70,"column":4},"end":{"line":70,"column":18}},"35":{"start":{"line":74,"column":4},"end":{"line":76,"column":5}},"36":{"start":{"line":75,"column":6},"end":{"line":75,"column":23}},"37":{"start":{"line":77,"column":17},"end":{"line":77,"column":18}},"38":{"start":{"line":78,"column":4},"end":{"line":80,"column":5}},"39":{"start":{"line":79,"column":6},"end":{"line":79,"column":38}},"40":{"start":{"line":81,"column":4},"end":{"line":81,"column":18}},"41":{"start":{"line":85,"column":19},"end":{"line":85,"column":29}},"42":{"start":{"line":87,"column":4},"end":{"line":97,"column":5}},"43":{"start":{"line":88,"column":6},"end":{"line":96,"column":7}},"44":{"start":{"line":89,"column":8},"end":{"line":91,"column":9}},"45":{"start":{"line":90,"column":10},"end":{"line":90,"column":33}},"46":{"start":{"line":92,"column":13},"end":{"line":96,"column":7}},"47":{"start":{"line":93,"column":8},"end":{"line":95,"column":9}},"48":{"start":{"line":94,"column":10},"end":{"line":94,"column":33}},"49":{"start":{"line":99,"column":4},"end":{"line":103,"column":5}},"50":{"start":{"line":100,"column":6},"end":{"line":102,"column":7}},"51":{"start":{"line":101,"column":8},"end":{"line":101,"column":31}},"52":{"start":{"line":104,"column":4},"end":{"line":104,"column":20}},"53":{"start":{"line":109,"column":0},"end":{"line":109,"column":22}}},"fnMap":{"0":{"name":"(anonymous_0)","decl":{"start":{"line":4,"column":2},"end":{"line":4,"column":3}},"loc":{"start":{"line":4,"column":16},"end":{"line":6,"column":3}},"line":4},"1":{"name":"(anonymous_1)","decl":{"start":{"line":8,"column":2},"end":{"line":8,"column":3}},"loc":{"start":{"line":8,"column":13},"end":{"line":10,"column":3}},"line":8},"2":{"name":"(anonymous_2)","decl":{"start":{"line":12,"column":2},"end":{"line":12,"column":3}},"loc":{"start":{"line":12,"column":8},"end":{"line":17,"column":3}},"line":12},"3":{"name":"(anonymous_3)","decl":{"start":{"line":19,"column":2},"end":{"line":19,"column":3}},"loc":{"start":{"line":19,"column":10},"end":{"line":27,"column":3}},"line":19},"4":{"name":"(anonymous_4)","decl":{"start":{"line":29,"column":2},"end":{"line":29,"column":3}},"loc":{"start":{"line":29,"column":19},"end":{"line":38,"column":3}},"line":29},"5":{"name":"(anonymous_5)","decl":{"start":{"line":40,"column":2},"end":{"line":40,"column":3}},"loc":{"start":{"line":40,"column":20},"end":{"line":47,"column":3}},"line":40},"6":{"name":"(anonymous_6)","decl":{"start":{"line":49,"column":2},"end":{"line":49,"column":3}},"loc":{"start":{"line":49,"column":16},"end":{"line":58,"column":3}},"line":49},"7":{"name":"(anonymous_7)","decl":{"start":{"line":60,"column":2},"end":{"line":60,"column":3}},"loc":{"start":{"line":60,"column":19},"end":{"line":71,"column":3}},"line":60},"8":{"name":"(anonymous_8)","decl":{"start":{"line":73,"column":2},"end":{"line":73,"column":3}},"loc":{"start":{"line":73,"column":19},"end":{"line":82,"column":3}},"line":73},"9":{"name":"(anonymous_9)","decl":{"start":{"line":84,"column":2},"end":{"line":84,"column":3}},"loc":{"start":{"line":84,"column":17},"end":{"line":105,"column":3}},"line":84}},"branchMap":{"0":{"loc":{"start":{"line":41,"column":4},"end":{"line":43,"column":5}},"type":"if","locations":[{"start":{"line":41,"column":4},"end":{"line":43,"column":5}},{"start":{"line":41,"column":4},"end":{"line":43,"column":5}}],"line":41},"1":{"loc":{"start":{"line":50,"column":4},"end":{"line":52,"column":5}},"type":"if","locations":[{"start":{"line":50,"column":4},"end":{"line":52,"column":5}},{"start":{"line":50,"column":4},"end":{"line":52,"column":5}}],"line":50},"2":{"loc":{"start":{"line":61,"column":4},"end":{"line":63,"column":5}},"type":"if","locations":[{"start":{"line":61,"column":4},"end":{"line":63,"column":5}},{"start":{"line":61,"column":4},"end":{"line":63,"column":5}}],"line":61},"3":{"loc":{"start":{"line":66,"column":6},"end":{"line":68,"column":7}},"type":"if","locations":[{"start":{"line":66,"column":6},"end":{"line":68,"column":7}},{"start":{"line":66,"column":6},"end":{"line":68,"column":7}}],"line":66},"4":{"loc":{"start":{"line":74,"column":4},"end":{"line":76,"column":5}},"type":"if","locations":[{"start":{"line":74,"column":4},"end":{"line":76,"column":5}},{"start":{"line":74,"column":4},"end":{"line":76,"column":5}}],"line":74},"5":{"loc":{"start":{"line":87,"column":4},"end":{"line":97,"column":5}},"type":"if","locations":[{"start":{"line":87,"column":4},"end":{"line":97,"column":5}},{"start":{"line":87,"column":4},"end":{"line":97,"column":5}}],"line":87},"6":{"loc":{"start":{"line":88,"column":6},"end":{"line":96,"column":7}},"type":"if","locations":[{"start":{"line":88,"column":6},"end":{"line":96,"column":7}},{"start":{"line":88,"column":6},"end":{"line":96,"column":7}}],"line":88},"7":{"loc":{"start":{"line":92,"column":13},"end":{"line":96,"column":7}},"type":"if","locations":[{"start":{"line":92,"column":13},"end":{"line":96,"column":7}},{"start":{"line":92,"column":13},"end":{"line":96,"column":7}}],"line":92},"8":{"loc":{"start":{"line":92,"column":17},"end":{"line":92,"column":53}},"type":"binary-expr","locations":[{"start":{"line":92,"column":17},"end":{"line":92,"column":28}},{"start":{"line":92,"column":32},"end":{"line":92,"column":53}}],"line":92},"9":{"loc":{"start":{"line":99,"column":4},"end":{"line":103,"column":5}},"type":"if","locations":[{"start":{"line":99,"column":4},"end":{"line":103,"column":5}},{"start":{"line":99,"column":4},"end":{"line":103,"column":5}}],"line":99}},"s":{"0":16,"1":46,"2":2,"3":2,"4":2,"5":2,"6":2,"7":2,"8":6,"9":2,"10":2,"11":2,"12":2,"13":6,"14":2,"15":2,"16":2,"17":2,"18":2,"19":1,"20":1,"21":3,"22":2,"23":1,"24":1,"25":1,"26":3,"27":1,"28":3,"29":2,"30":1,"31":1,"32":3,"33":1,"34":1,"35":0,"36":0,"37":0,"38":0,"39":0,"40":0,"41":0,"42":0,"43":0,"44":0,"45":0,"46":0,"47":0,"48":0,"49":0,"50":0,"51":0,"52":0,"53":1},"f":{"0":16,"1":46,"2":2,"3":2,"4":2,"5":2,"6":2,"7":3,"8":0,"9":0},"b":{"0":[1,1],"1":[1,1],"2":[2,1],"3":[1,2],"4":[0,0],"5":[0,0],"6":[0,0],"7":[0,0],"8":[0,0],"9":[0,0]},"_coverageSchema":"332fd63041d2c1bcb487cc26dd0d5f7d97098a6c","hash":"34dfa1fb39f989c07685a09ba4d6c0054ad11e81"}
}
