TN:
SF:/Users/benjaminhurst/codefellows/401/lab-ben/02-tools-and-context/lib/list.js
FN:4,(anonymous_0)
FN:8,(anonymous_1)
FN:12,(anonymous_2)
FN:19,(anonymous_3)
FN:29,(anonymous_4)
FN:40,(anonymous_5)
FN:49,(anonymous_6)
FN:60,(anonymous_7)
FN:73,(anonymous_8)
FNF:9
FNH:8
FNDA:15,(anonymous_0)
FNDA:43,(anonymous_1)
FNDA:2,(anonymous_2)
FNDA:2,(anonymous_3)
FNDA:2,(anonymous_4)
FNDA:2,(anonymous_5)
FNDA:2,(anonymous_6)
FNDA:2,(anonymous_7)
FNDA:0,(anonymous_8)
DA:5,15
DA:9,43
DA:13,2
DA:14,2
DA:15,2
DA:16,2
DA:20,2
DA:21,2
DA:22,6
DA:24,2
DA:25,2
DA:26,2
DA:30,2
DA:31,6
DA:33,2
DA:34,2
DA:36,2
DA:37,2
DA:41,2
DA:42,1
DA:44,1
DA:45,3
DA:50,2
DA:51,1
DA:53,1
DA:54,1
DA:55,3
DA:57,1
DA:61,2
DA:62,1
DA:64,1
DA:65,1
DA:66,3
DA:67,1
DA:70,1
DA:74,0
DA:76,0
DA:77,0
DA:78,0
DA:79,0
DA:82,0
DA:83,0
DA:84,0
DA:89,0
DA:90,0
DA:91,0
DA:94,0
DA:99,1
LF:48
LH:36
BRDA:41,0,0,1
BRDA:41,0,1,1
BRDA:50,1,0,1
BRDA:50,1,1,1
BRDA:61,2,0,1
BRDA:61,2,1,1
BRDA:66,3,0,1
BRDA:66,3,1,2
BRDA:76,4,0,0
BRDA:76,4,1,0
BRDA:77,5,0,0
BRDA:77,5,1,0
BRDA:82,6,0,0
BRDA:82,6,1,0
BRDA:82,7,0,0
BRDA:82,7,1,0
BRDA:89,8,0,0
BRDA:89,8,1,0
BRF:18
BRH:8
end_of_record
